<?xml version="1.0" encoding="UTF-8"?>
<testng-results ignored="0" total="3" passed="3" failed="0" skipped="0">
  <reporter-output>
  </reporter-output>
  <suite started-at="2023-09-05T13:20:54 IST" name="Default suite" finished-at="2023-09-05T13:20:54 IST" duration-ms="75">
    <groups>
    </groups>
    <test started-at="2023-09-05T13:20:54 IST" name="Default test" finished-at="2023-09-05T13:20:54 IST" duration-ms="75">
      <class name="S.test">
        <test-method is-config="true" signature="login()[pri:0, instance:S.test@791f145a]" started-at="2023-09-05T13:20:54 IST" name="login" finished-at="2023-09-05T13:20:54 IST" duration-ms="8" status="PASS">
          <reporter-output>
          </reporter-output>
        </test-method> <!-- login -->
        <test-method signature="createcustomer()[pri:0, instance:S.test@791f145a]" started-at="2023-09-05T13:20:54 IST" name="createcustomer" finished-at="2023-09-05T13:20:54 IST" duration-ms="8" status="PASS">
          <reporter-output>
          </reporter-output>
        </test-method> <!-- createcustomer -->
        <test-method is-config="true" signature="logout()[pri:0, instance:S.test@791f145a]" started-at="2023-09-05T13:20:54 IST" name="logout" finished-at="2023-09-05T13:20:54 IST" duration-ms="1" status="PASS">
          <reporter-output>
          </reporter-output>
        </test-method> <!-- logout -->
        <test-method signature="deletecustomer()[pri:0, instance:S.test@791f145a]" started-at="2023-09-05T13:20:54 IST" name="deletecustomer" finished-at="2023-09-05T13:20:54 IST" duration-ms="2" status="PASS">
          <reporter-output>
          </reporter-output>
        </test-method> <!-- deletecustomer -->
        <test-method is-config="true" signature="login()[pri:0, instance:S.test@791f145a]" started-at="2023-09-05T13:20:54 IST" name="login" finished-at="2023-09-05T13:20:54 IST" duration-ms="0" status="PASS">
          <reporter-output>
          </reporter-output>
        </test-method> <!-- login -->
        <test-method is-config="true" signature="logout()[pri:0, instance:S.test@791f145a]" started-at="2023-09-05T13:20:54 IST" name="logout" finished-at="2023-09-05T13:20:54 IST" duration-ms="0" status="PASS">
          <reporter-output>
          </reporter-output>
        </test-method> <!-- logout -->
        <test-method is-config="true" signature="login()[pri:0, instance:S.test@791f145a]" started-at="2023-09-05T13:20:54 IST" name="login" finished-at="2023-09-05T13:20:54 IST" duration-ms="1" status="PASS">
          <reporter-output>
          </reporter-output>
        </test-method> <!-- login -->
        <test-method signature="modifycustomer()[pri:0, instance:S.test@791f145a]" started-at="2023-09-05T13:20:54 IST" name="modifycustomer" finished-at="2023-09-05T13:20:54 IST" duration-ms="2" status="PASS">
          <reporter-output>
          </reporter-output>
        </test-method> <!-- modifycustomer -->
        <test-method is-config="true" signature="logout()[pri:0, instance:S.test@791f145a]" started-at="2023-09-05T13:20:54 IST" name="logout" finished-at="2023-09-05T13:20:54 IST" duration-ms="0" status="PASS">
          <reporter-output>
          </reporter-output>
        </test-method> <!-- logout -->
      </class> <!-- S.test -->
    </test> <!-- Default test -->
  </suite> <!-- Default suite -->
</testng-results>
